<?xml version="1.0" encoding="UTF-8"?>
<!-- Generated by org.testng.reporters.JUnitReportReporter -->
<testsuite hostname="MY-SPECTRE" failures="0" tests="4" name="parallel.ParallelRunner" time="24.357" errors="0" timestamp="05 Feb 2022 02:21:49 GMT" skipped="0">
  <testcase classname="parallel.ParallelRunner" name="runScenario" time="5.875"/>
  <testcase classname="parallel.ParallelRunner" name="runScenario" time="5.872"/>
  <testcase classname="parallel.ParallelRunner" name="runScenario" time="7.878"/>
  <testcase classname="parallel.ParallelRunner" name="runScenario" time="4.732"/>
</testsuite> <!-- parallel.ParallelRunner -->
