<?xml version="1.0" encoding="UTF-8"?>
<!-- Generated by org.testng.reporters.JUnitReportReporter -->
<testsuite hostname="MY-SPECTRE" failures="0" tests="4" name="parallel.TestNGRunner" time="23.446" errors="0" timestamp="05 Feb 2022 16:31:39 GMT" skipped="0">
  <testcase classname="parallel.TestNGRunner" name="runScenario" time="5.298"/>
  <testcase classname="parallel.TestNGRunner" name="runScenario" time="7.731"/>
  <testcase classname="parallel.TestNGRunner" name="runScenario" time="5.506"/>
  <testcase classname="parallel.TestNGRunner" name="runScenario" time="4.911"/>
</testsuite> <!-- parallel.TestNGRunner -->
